{
    "hamiltonian": "hubbard",
    "wavefunction": {
        "name": "jastrowslater",
        "hfType": "ghf",
        "complex": "true"
    },
    "sampling": {
        "stochasticIter": "150000",
        "nwalk": "2000",
        "tau": "0.1",
        "ngeneration": "50",
        "fn_factor": "0.0",
        "maxIter": "201"
    }
}

Energy of VMC wavefunction: -17.1597(0.000878248)
      50   -17.21422488    -17.21422488    -17.21422488        1993   2116.94     -17.21655086      13.03
     100   -17.21712420    -17.21451481    -17.21451481        1952   2115.16     -17.21571069      25.77
     150   -17.21716502    -17.21477983    -17.21477983        1948   2119.57     -17.21779016      38.91
     200   -17.21774331    -17.21507618    -17.21774331        1941   2121.49     -17.21869615      52.16
