{
    "hamiltonian": "hubbard",
    "wavefunction": {
        "name": "jastrowpfaffian",
        "complex": "true"
    },
    "sampling": {
        "stochasticIter": "150000",
        "nwalk": "2000",
        "tau": "0.1",
        "ngeneration": "50",
        "fn_factor": "0.0",
        "maxIter": "201"
    }
}

Energy of VMC wavefunction: -17.1594(0.000868788)
      50   -17.21580936    -17.21580936    -17.21580936        2022   2118.08     -17.21681000      22.17
     100   -17.21653718    -17.21588214    -17.21588214        2053   2121.36     -17.21835756      44.30
     150   -17.21762126    -17.21605605    -17.21605605        2036   2121.72     -17.21852967      66.78
     200   -17.21639132    -17.21608958    -17.21639132        2001   2113.18     -17.21449327      89.39
