No atom found in mol. Use 1e initial guess
Initial guess from hcore.
  HOMO = -0.999999999999999  LUMO = 0.999999999999998


******** <class 'pyscf.scf.ghf.GHF'> ********
method = GHF
initial guess = minao
damping factor = 0
level_shift factor = 0.1
DIIS = <class 'pyscf.scf.diis.CDIIS'>
diis_start_cycle = 1
diis_space = 8
SCF conv_tol = 1e-09
SCF conv_tol_grad = None
SCF max_cycles = 500
direct_scf = True
direct_scf_tol = 1e-13
chkfile to save SCF result = /scratch/summit/anma2640/tmp1u8w4ya8
max_memory 4000 MB (current use 85 MB)
Set gradient conv threshold to 3.16228e-05
init E= -34.6847099944926
  HOMO = 4.23002771500685  LUMO = 4.52027738962817
cycle= 1 E= -6.77047824357093  delta_E= 27.9  |g|= 3.69  |ddm|= 20.9
  HOMO = 1.91413245857426  LUMO = 2.0315255168986
cycle= 2 E= -10.149688791927  delta_E= -3.38  |g|= 3.27  |ddm|= 2.43
  HOMO = 2.04606193970675  LUMO = 2.11369063810389
cycle= 3 E= -13.5124323726685  delta_E= -3.36  |g|= 1.09  |ddm|= 1.62
  HOMO = 1.56811330096645  LUMO = 2.57728219562485
cycle= 4 E= -14.0009134707003  delta_E= -0.488  |g|= 0.788  |ddm|= 0.421
  HOMO = 1.24788904682505  LUMO = 2.90809036785531
cycle= 5 E= -14.3864259305328  delta_E= -0.386  |g|= 0.679  |ddm|= 0.41
  HOMO = 1.06267522068282  LUMO = 3.09639617106383
cycle= 6 E= -14.6762080686271  delta_E= -0.29  |g|= 0.586  |ddm|= 0.341
  HOMO = 0.646784788416487  LUMO = 3.49095816700593
cycle= 7 E= -15.0026253054201  delta_E= -0.326  |g|= 0.207  |ddm|= 0.571
  HOMO = 0.469594817579825  LUMO = 3.67377722106624
cycle= 8 E= -15.0245742426309  delta_E= -0.0219  |g|= 0.0824  |ddm|= 0.211
  HOMO = 0.495078611242414  LUMO = 3.65539866617778
cycle= 9 E= -15.0273633158693  delta_E= -0.00279  |g|= 0.0268  |ddm|= 0.0497
  HOMO = 0.498149283436033  LUMO = 3.6521199868349
cycle= 10 E= -15.0275786823613  delta_E= -0.000215  |g|= 0.0207  |ddm|= 0.0205
  HOMO = 0.479848445454135  LUMO = 3.67019071476754
cycle= 11 E= -15.0277852134726  delta_E= -0.000207  |g|= 0.0108  |ddm|= 0.0216
  HOMO = 0.47982758970318  LUMO = 3.6700424912387
cycle= 12 E= -15.0278229479756  delta_E= -3.77e-05  |g|= 0.00772  |ddm|= 0.00393
  HOMO = 0.483656225917957  LUMO = 3.66632587820623
cycle= 13 E= -15.0278509013468  delta_E= -2.8e-05  |g|= 0.00371  |ddm|= 0.00838
  HOMO = 0.48196223730202  LUMO = 3.66802225064274
cycle= 14 E= -15.0278571983561  delta_E= -6.3e-06  |g|= 0.00154  |ddm|= 0.00186
  HOMO = 0.480968411486087  LUMO = 3.66904920750663
cycle= 15 E= -15.027858533747  delta_E= -1.34e-06  |g|= 0.000243  |ddm|= 0.00124
  HOMO = 0.48090760791948  LUMO = 3.66908311666483
cycle= 16 E= -15.027858563122  delta_E= -2.94e-08  |g|= 0.000124  |ddm|= 0.000145
  HOMO = 0.480888235203219  LUMO = 3.66911248470489
cycle= 17 E= -15.0278585714618  delta_E= -8.34e-09  |g|= 5.51e-05  |ddm|= 7.36e-05
  HOMO = 0.480880181531697  LUMO = 3.66912025330014
cycle= 18 E= -15.0278585732035  delta_E= -1.74e-09  |g|= 1.47e-05  |ddm|= 4.2e-05
  HOMO = 0.480877202220557  LUMO = 3.66912285212701
cycle= 19 E= -15.0278585733014  delta_E= -9.8e-11  |g|= 5.03e-06  |ddm|= 9.41e-06
  HOMO = 0.430876448199299  LUMO = 3.56912352148653
Extra cycle  E= -15.0278585733108  delta_E= -9.36e-12  |g|= 3.19e-06  |ddm|= 1.71e-06
converged SCF energy = -15.0278585733108  <S^2> = 3.529892  2S+1 = 3.8883889
