{
    "wavefunction": {
        "name": "jastrowslater",
        "hfType": "ghf",
        "complex": "true"
    },
    "sampling": {
        "stochasticIter": "50000",
        "epsilon": "1.0e-6",
        "nwalk": "2000",
        "tau": "0.1",
        "ngeneration": "50",
        "fn_factor": "0.0",
        "maxIter": "151"
    }
}

Energy of VMC wavefunction: -26.6183(0.000886211)
      50   -26.66187457    -26.66187457    -26.66187457        1961   2100.43     -26.66727711     869.99
     100   -26.66853787    -26.66254090    -26.66254090        1949   2102.64     -26.66832992    1742.63
     150   -26.66965051    -26.66325186    -26.66325186        1913   2103.57     -26.66876869    2639.71
