{
    "wavefunction": {
        "name": "jastrowslater",
        "hfType": "rhf",
        "complex": "true"
    },
    "sampling": {
        "stochasticIter": "50000",
        "epsilon": "1.0e-6",
        "nwalk": "2000",
        "tau": "0.1",
        "ngeneration": "50",
        "fn_factor": "0.0",
        "maxIter": "151"
    }
}

Energy of VMC wavefunction: -26.6253(0.000741509)
      50   -26.66836897    -26.66836897    -26.66836897        1962   2101.64     -26.67483011     819.73
     100   -26.67659514    -26.66919158    -26.66919158        2015   2106.36     -26.67707414    1637.51
     150   -26.67691101    -26.66996353    -26.66996353        1999   2104.39     -26.67613988    2463.39
