{
    "hamiltonian": "hubbard",
    "wavefunction": {
        "name": "jastrowslater",
        "hfType": "ghf"
    },
    "sampling": {
        "stochasticIter": "150000",
        "nwalk": "2000",
        "tau": "0.1",
        "ngeneration": "50",
        "fn_factor": "0.0",
        "maxIter": "201"
    }
}

Energy of VMC wavefunction: -17.1198(0.00105945)
      50   -17.20148336    -17.20148336    -17.20148336        2043   2171.22     -17.20195875      13.32
     100   -17.20552427    -17.20188745    -17.20188745        2070   2182.85     -17.20730248      26.62
     150   -17.20493194    -17.20219190    -17.20219190        2055   2178.78     -17.20543760      40.27
     200   -17.20424682    -17.20239739    -17.20424682        2008   2176.80     -17.20452492      53.81
