{
    "wavefunction": {
        "name": "jastrowslater",
        "hfType": "uhf",
        "complex": "true"
    },
    "sampling": {
        "stochasticIter": "50000",
        "epsilon": "1.0e-6",
        "nwalk": "2000",
        "tau": "0.1",
        "ngeneration": "50",
        "fn_factor": "0.0",
        "maxIter": "151"
    }
}

Energy of VMC wavefunction: -26.6203(0.00103801)
      50   -26.66382152    -26.66382152    -26.66382152        1931   2106.46     -26.67216633     823.62
     100   -26.67289884    -26.66472925    -26.66472925        1963   2109.66     -26.67368564    1643.46
     150   -26.67368499    -26.66562483    -26.66562483        1966   2110.06     -26.67387502    2480.67
