{
    "hamiltonian": "hubbard",
    "wavefunction": {
        "name": "jastrowslater",
        "hfType": "ghf",
        "complex": "true"
    },
    "sampling": {
        "stochasticIter": "70000",
        "nwalk": "2500",
        "tau": "0.1",
        "ngeneration": "50",
        "fn_factor": "0.0",
        "maxIter": "301"
    }
}

Energy of VMC wavefunction: -116.805(0.00393631)
      50  -116.99588594   -116.99588594   -116.99588594        2826   3033.67    -116.99810442    2477.23
     100  -116.99704246   -116.99600159   -116.99600159        2874   3034.02    -116.99821862    5095.78
     150  -116.99644463   -116.99604589   -116.99604589        2957   3029.27    -116.99665117    7696.23
     200  -116.99815504   -116.99625681   -116.99815504        2921   3028.22    -116.99630705   10309.54
     250  -116.99680241   -116.99631137   -116.99747872        2859   3029.02    -116.99657086   12908.93
     300  -116.99674596   -116.99635483   -116.99723447        2656   3024.68    -116.99513662   15505.50
